<?xml version="1.0" encoding="UTF-8"?>
<!-- Generated by org.testng.reporters.JUnitReportReporter -->
<testsuite hostname="DESKTOP-6R86IG7" failures="0" tests="1" name="Amazon_TestCase.Amazon_Test" time="142.672" errors="0" timestamp="06 Dec 2024 06:42:12 GMT" skipped="0">
  <testcase classname="Amazon_TestCase.Amazon_Test" name="Amazon_TC_01" time="142.672"/>
</testsuite> <!-- Amazon_TestCase.Amazon_Test -->
